\BOOKMARK [1][-]{toc.1}{Contents}{}% 1
\BOOKMARK [0][-]{chapter.1}{Introduction}{}% 2
\BOOKMARK [0][-]{chapter.2}{Background}{}% 3
\BOOKMARK [1][-]{section.2.1}{Statistical Mechanics}{chapter.2}% 4
\BOOKMARK [2][-]{subsection.2.1.1}{Density of States}{section.2.1}% 5
\BOOKMARK [2][-]{subsection.2.1.2}{Ensemble Averages}{section.2.1}% 6
\BOOKMARK [2][-]{subsection.2.1.3}{Molecular Dynamics}{section.2.1}% 7
\BOOKMARK [1][-]{section.2.2}{Stochastic Thermodynamics}{chapter.2}% 8
\BOOKMARK [2][-]{subsection.2.2.1}{Transfer Operator}{section.2.2}% 9
\BOOKMARK [2][-]{subsection.2.2.2}{Markov Processes}{section.2.2}% 10
\BOOKMARK [2][-]{subsection.2.2.3}{Non-Equilibrium Steady States}{section.2.2}% 11
\BOOKMARK [2][-]{subsection.2.2.4}{Driven Particle in a periodic Potential}{section.2.2}% 12
\BOOKMARK [1][-]{section.2.3}{Markov State Model}{chapter.2}% 13
\BOOKMARK [2][-]{subsection.2.3.1}{Validate Markovian Process}{section.2.3}% 14
\BOOKMARK [2][-]{subsection.2.3.2}{Identifying metastable states}{section.2.3}% 15
\BOOKMARK [2][-]{subsection.2.3.3}{First-Passage-Time Distribution}{section.2.3}% 16
\BOOKMARK [0][-]{chapter.3}{Jaynes Maximum Caliber}{}% 17
\BOOKMARK [1][-]{section.3.1}{Requirement for uncertainty measures and inference methods}{chapter.3}% 18
\BOOKMARK [1][-]{section.3.2}{Reweighting in Equilibrium}{chapter.3}% 19
\BOOKMARK [1][-]{section.3.3}{Reweighting in Off-Equilibrium}{chapter.3}% 20
\BOOKMARK [2][-]{subsection.3.3.1}{Theory of Constraints}{section.3.3}% 21
\BOOKMARK [2][-]{subsection.3.3.2}{Application of Constraints}{section.3.3}% 22
\BOOKMARK [2][-]{subsection.3.3.3}{Invariant Measure}{section.3.3}% 23
\BOOKMARK [2][-]{subsection.3.3.4}{Numerical Maximisation}{section.3.3}% 24
\BOOKMARK [0][-]{chapter.4}{Reweighting Dynamics in full Conformational Space}{}% 25
\BOOKMARK [1][-]{section.4.1}{Single Particle in 1D Potential Well}{chapter.4}% 26
\BOOKMARK [1][-]{section.4.2}{Single Particle in 1D under Global Driving}{chapter.4}% 27
\BOOKMARK [1][-]{section.4.3}{Single Particle in 1D under Local Driving}{chapter.4}% 28
\BOOKMARK [1][-]{section.4.4}{Single Particle in 2D under Global Driving}{chapter.4}% 29
\BOOKMARK [1][-]{section.4.5}{Discussion}{chapter.4}% 30
\BOOKMARK [2][-]{subsection.4.5.1}{Sources of Error}{section.4.5}% 31
\BOOKMARK [0][-]{chapter.5}{Reweighting Dynamics by Collective Variables}{}% 32
\BOOKMARK [1][-]{section.5.1}{Single Particle in Collective Variable Space}{chapter.5}% 33
\BOOKMARK [1][-]{section.5.2}{Tetraalanine}{chapter.5}% 34
\BOOKMARK [2][-]{subsection.5.2.1}{Modifying End-to-end Potential}{section.5.2}% 35
\BOOKMARK [2][-]{subsection.5.2.2}{Driving along Dihedral Angle}{section.5.2}% 36
\BOOKMARK [0][-]{chapter.6}{Complementary Aspects}{}% 37
\BOOKMARK [1][-]{section.6.1}{Invariant Quantity}{chapter.6}% 38
\BOOKMARK [1][-]{section.6.2}{Trajectory Analysis}{chapter.6}% 39
\BOOKMARK [1][-]{section.6.3}{Off-Equilibrium Reweighting in Literature}{chapter.6}% 40
\BOOKMARK [0][-]{chapter.7}{Summary}{}% 41
\BOOKMARK [0][-]{chapter*.46}{Samenvatting}{}% 42
\BOOKMARK [0][-]{section*.47}{List of Figures}{}% 43
\BOOKMARK [0][-]{section*.49}{List of Technical Points}{}% 44
\BOOKMARK [0][-]{section*.51}{Bibliography}{}% 45
